[debug] [2021-07-30T17:44:52.299Z] ----------------------------------------------------------------------
[debug] [2021-07-30T17:44:52.306Z] Command:       C:\Program Files\nodejs\node.exe C:\Users\Ajay\AppData\Roaming\npm\node_modules\firebase-tools\lib\bin\firebase.js deploy
[debug] [2021-07-30T17:44:52.308Z] CLI Version:   9.16.0
[debug] [2021-07-30T17:44:52.308Z] Platform:      win32
[debug] [2021-07-30T17:44:52.308Z] Node Version:  v16.6.0
[debug] [2021-07-30T17:44:52.313Z] Time:          Fri Jul 30 2021 23:14:52 GMT+0530 (India Standard Time)
[debug] [2021-07-30T17:44:52.313Z] ----------------------------------------------------------------------
[debug] 
[debug] [2021-07-30T17:44:52.559Z] > command requires scopes: ["email","openid","https://www.googleapis.com/auth/cloudplatformprojects.readonly","https://www.googleapis.com/auth/firebase","https://www.googleapis.com/auth/cloud-platform"]
[debug] [2021-07-30T17:44:52.560Z] > authorizing via signed-in user (ajarvnd07@gmail.com)
[debug] [2021-07-30T17:44:52.560Z] [iam] checking project ajay-3ccd9 for permissions ["firebase.projects.get","firebasehosting.sites.update"]
[debug] [2021-07-30T17:44:52.569Z] > refreshing access token with scopes: ["email","https://www.googleapis.com/auth/cloud-platform","https://www.googleapis.com/auth/cloudplatformprojects.readonly","https://www.googleapis.com/auth/firebase","openid"]
[debug] [2021-07-30T17:44:52.570Z] >>> HTTP REQUEST POST https://www.googleapis.com/oauth2/v3/token  
 <request body omitted>
[debug] [2021-07-30T17:44:53.198Z] <<< HTTP RESPONSE 200 {"pragma":"no-cache","expires":"Mon, 01 Jan 1990 00:00:00 GMT","date":"Fri, 30 Jul 2021 17:44:52 GMT","cache-control":"no-cache, no-store, max-age=0, must-revalidate","content-type":"application/json; charset=utf-8","vary":"X-Origin, Referer, Origin,Accept-Encoding","server":"scaffolding on HTTPServer2","x-xss-protection":"0","x-frame-options":"SAMEORIGIN","x-content-type-options":"nosniff","alt-svc":"h3=\":443\"; ma=2592000,h3-29=\":443\"; ma=2592000,h3-T051=\":443\"; ma=2592000,h3-Q050=\":443\"; ma=2592000,h3-Q046=\":443\"; ma=2592000,h3-Q043=\":443\"; ma=2592000,quic=\":443\"; ma=2592000; v=\"46,43\"","accept-ranges":"none","transfer-encoding":"chunked"}
[debug] [2021-07-30T17:44:53.313Z] >>> HTTP REQUEST POST https://cloudresourcemanager.googleapis.com/v1/projects/ajay-3ccd9:testIamPermissions  
 {"permissions":["firebase.projects.get","firebasehosting.sites.update"]}
[debug] [2021-07-30T17:44:54.862Z] <<< HTTP RESPONSE 200 {"content-type":"application/json; charset=UTF-8","vary":"X-Origin, Referer, Origin,Accept-Encoding","date":"Fri, 30 Jul 2021 17:44:54 GMT","server":"ESF","cache-control":"private","x-xss-protection":"0","x-frame-options":"SAMEORIGIN","x-content-type-options":"nosniff","server-timing":"gfet4t7; dur=1128","alt-svc":"h3=\":443\"; ma=2592000,h3-29=\":443\"; ma=2592000,h3-T051=\":443\"; ma=2592000,h3-Q050=\":443\"; ma=2592000,h3-Q046=\":443\"; ma=2592000,h3-Q043=\":443\"; ma=2592000,quic=\":443\"; ma=2592000; v=\"46,43\"","accept-ranges":"none","transfer-encoding":"chunked"}
[debug] [2021-07-30T17:44:54.873Z] > refreshing access token with scopes: []
[debug] [2021-07-30T17:44:54.873Z] >>> HTTP REQUEST POST https://www.googleapis.com/oauth2/v3/token  
 <request body omitted>
[debug] [2021-07-30T17:44:55.348Z] <<< HTTP RESPONSE 200 {"pragma":"no-cache","cache-control":"no-cache, no-store, max-age=0, must-revalidate","date":"Fri, 30 Jul 2021 17:44:54 GMT","expires":"Mon, 01 Jan 1990 00:00:00 GMT","content-type":"application/json; charset=utf-8","vary":"X-Origin, Referer, Origin,Accept-Encoding","server":"scaffolding on HTTPServer2","x-xss-protection":"0","x-frame-options":"SAMEORIGIN","x-content-type-options":"nosniff","alt-svc":"h3=\":443\"; ma=2592000,h3-29=\":443\"; ma=2592000,h3-T051=\":443\"; ma=2592000,h3-Q050=\":443\"; ma=2592000,h3-Q046=\":443\"; ma=2592000,h3-Q043=\":443\"; ma=2592000,quic=\":443\"; ma=2592000; v=\"46,43\"","accept-ranges":"none","transfer-encoding":"chunked"}
[debug] [2021-07-30T17:44:55.418Z] >>> [apiv2][query] GET https://firebase.googleapis.com/v1beta1/projects/ajay-3ccd9 [none]
[debug] [2021-07-30T17:44:56.142Z] <<< [apiv2][status] GET https://firebase.googleapis.com/v1beta1/projects/ajay-3ccd9 200
[debug] [2021-07-30T17:44:56.143Z] <<< [apiv2][body] GET https://firebase.googleapis.com/v1beta1/projects/ajay-3ccd9 {"projectId":"ajay-3ccd9","projectNumber":"1092794521657","displayName":"Ajay","name":"projects/ajay-3ccd9","resources":{"hostingSite":"ajay-3ccd9"},"state":"ACTIVE"}
[info] 
[info] === Deploying to 'ajay-3ccd9'...
[info] 
[info] i  deploying hosting 
[debug] [2021-07-30T17:44:56.155Z] > refreshing access token with scopes: ["email","https://www.googleapis.com/auth/cloud-platform","https://www.googleapis.com/auth/cloudplatformprojects.readonly","https://www.googleapis.com/auth/firebase","openid"]
[debug] [2021-07-30T17:44:56.156Z] >>> HTTP REQUEST POST https://www.googleapis.com/oauth2/v3/token  
 <request body omitted>
[debug] [2021-07-30T17:44:56.695Z] <<< HTTP RESPONSE 200 {"pragma":"no-cache","expires":"Mon, 01 Jan 1990 00:00:00 GMT","date":"Fri, 30 Jul 2021 17:44:56 GMT","cache-control":"no-cache, no-store, max-age=0, must-revalidate","content-type":"application/json; charset=utf-8","vary":"X-Origin, Referer, Origin,Accept-Encoding","server":"scaffolding on HTTPServer2","x-xss-protection":"0","x-frame-options":"SAMEORIGIN","x-content-type-options":"nosniff","alt-svc":"h3=\":443\"; ma=2592000,h3-29=\":443\"; ma=2592000,h3-T051=\":443\"; ma=2592000,h3-Q050=\":443\"; ma=2592000,h3-Q046=\":443\"; ma=2592000,h3-Q043=\":443\"; ma=2592000,quic=\":443\"; ma=2592000; v=\"46,43\"","accept-ranges":"none","transfer-encoding":"chunked"}
[debug] [2021-07-30T17:44:56.765Z] >>> HTTP REQUEST POST https://firebasehosting.googleapis.com/v1beta1/sites/ajay-3ccd9/versions  
 {"config":{},"labels":{"deployment-tool":"cli-firebase"}}
[debug] [2021-07-30T17:45:18.300Z] Error: connect ETIMEDOUT 216.58.200.138:443
    at TCPConnectWrap.afterConnect [as oncomplete] (node:net:1142:16)
[error] 
[error] Error: Server Error. connect ETIMEDOUT 216.58.200.138:443
[debug] [2021-07-30T17:45:34.243Z] ----------------------------------------------------------------------
[debug] [2021-07-30T17:45:34.250Z] Command:       C:\Program Files\nodejs\node.exe C:\Users\Ajay\AppData\Roaming\npm\node_modules\firebase-tools\lib\bin\firebase.js deploy
[debug] [2021-07-30T17:45:34.251Z] CLI Version:   9.16.0
[debug] [2021-07-30T17:45:34.252Z] Platform:      win32
[debug] [2021-07-30T17:45:34.252Z] Node Version:  v16.6.0
[debug] [2021-07-30T17:45:34.256Z] Time:          Fri Jul 30 2021 23:15:34 GMT+0530 (India Standard Time)
[debug] [2021-07-30T17:45:34.257Z] ----------------------------------------------------------------------
[debug] 
[debug] [2021-07-30T17:45:34.503Z] > command requires scopes: ["email","openid","https://www.googleapis.com/auth/cloudplatformprojects.readonly","https://www.googleapis.com/auth/firebase","https://www.googleapis.com/auth/cloud-platform"]
[debug] [2021-07-30T17:45:34.504Z] > authorizing via signed-in user (ajarvnd07@gmail.com)
[debug] [2021-07-30T17:45:34.504Z] [iam] checking project ajay-3ccd9 for permissions ["firebase.projects.get","firebasehosting.sites.update"]
[debug] [2021-07-30T17:45:34.512Z] >>> HTTP REQUEST POST https://cloudresourcemanager.googleapis.com/v1/projects/ajay-3ccd9:testIamPermissions  
 {"permissions":["firebase.projects.get","firebasehosting.sites.update"]}
[debug] [2021-07-30T17:45:36.339Z] <<< HTTP RESPONSE 200 {"content-type":"application/json; charset=UTF-8","vary":"X-Origin, Referer, Origin,Accept-Encoding","date":"Fri, 30 Jul 2021 17:45:35 GMT","server":"ESF","cache-control":"private","x-xss-protection":"0","x-frame-options":"SAMEORIGIN","x-content-type-options":"nosniff","server-timing":"gfet4t7; dur=1173","alt-svc":"h3=\":443\"; ma=2592000,h3-29=\":443\"; ma=2592000,h3-T051=\":443\"; ma=2592000,h3-Q050=\":443\"; ma=2592000,h3-Q046=\":443\"; ma=2592000,h3-Q043=\":443\"; ma=2592000,quic=\":443\"; ma=2592000; v=\"46,43\"","accept-ranges":"none","transfer-encoding":"chunked"}
[debug] [2021-07-30T17:45:36.347Z] > refreshing access token with scopes: []
[debug] [2021-07-30T17:45:36.348Z] >>> HTTP REQUEST POST https://www.googleapis.com/oauth2/v3/token  
 <request body omitted>
[debug] [2021-07-30T17:45:36.810Z] <<< HTTP RESPONSE 200 {"date":"Fri, 30 Jul 2021 17:45:36 GMT","pragma":"no-cache","cache-control":"no-cache, no-store, max-age=0, must-revalidate","expires":"Mon, 01 Jan 1990 00:00:00 GMT","content-type":"application/json; charset=utf-8","vary":"X-Origin, Referer, Origin,Accept-Encoding","server":"scaffolding on HTTPServer2","x-xss-protection":"0","x-frame-options":"SAMEORIGIN","x-content-type-options":"nosniff","alt-svc":"h3=\":443\"; ma=2592000,h3-29=\":443\"; ma=2592000,h3-T051=\":443\"; ma=2592000,h3-Q050=\":443\"; ma=2592000,h3-Q046=\":443\"; ma=2592000,h3-Q043=\":443\"; ma=2592000,quic=\":443\"; ma=2592000; v=\"46,43\"","accept-ranges":"none","transfer-encoding":"chunked"}
[debug] [2021-07-30T17:45:36.931Z] >>> [apiv2][query] GET https://firebase.googleapis.com/v1beta1/projects/ajay-3ccd9 [none]
[debug] [2021-07-30T17:45:37.961Z] <<< [apiv2][status] GET https://firebase.googleapis.com/v1beta1/projects/ajay-3ccd9 200
[debug] [2021-07-30T17:45:37.962Z] <<< [apiv2][body] GET https://firebase.googleapis.com/v1beta1/projects/ajay-3ccd9 {"projectId":"ajay-3ccd9","projectNumber":"1092794521657","displayName":"Ajay","name":"projects/ajay-3ccd9","resources":{"hostingSite":"ajay-3ccd9"},"state":"ACTIVE"}
[info] 
[info] === Deploying to 'ajay-3ccd9'...
[info] 
[info] i  deploying hosting 
[debug] [2021-07-30T17:45:37.978Z] > refreshing access token with scopes: ["email","https://www.googleapis.com/auth/cloud-platform","https://www.googleapis.com/auth/cloudplatformprojects.readonly","https://www.googleapis.com/auth/firebase","openid"]
[debug] [2021-07-30T17:45:37.979Z] >>> HTTP REQUEST POST https://www.googleapis.com/oauth2/v3/token  
 <request body omitted>
[debug] [2021-07-30T17:45:38.491Z] <<< HTTP RESPONSE 200 {"cache-control":"no-cache, no-store, max-age=0, must-revalidate","pragma":"no-cache","expires":"Mon, 01 Jan 1990 00:00:00 GMT","date":"Fri, 30 Jul 2021 17:45:37 GMT","content-type":"application/json; charset=utf-8","vary":"X-Origin, Referer, Origin,Accept-Encoding","server":"scaffolding on HTTPServer2","x-xss-protection":"0","x-frame-options":"SAMEORIGIN","x-content-type-options":"nosniff","alt-svc":"h3=\":443\"; ma=2592000,h3-29=\":443\"; ma=2592000,h3-T051=\":443\"; ma=2592000,h3-Q050=\":443\"; ma=2592000,h3-Q046=\":443\"; ma=2592000,h3-Q043=\":443\"; ma=2592000,quic=\":443\"; ma=2592000; v=\"46,43\"","accept-ranges":"none","transfer-encoding":"chunked"}
[debug] [2021-07-30T17:45:38.615Z] >>> HTTP REQUEST POST https://firebasehosting.googleapis.com/v1beta1/sites/ajay-3ccd9/versions  
 {"config":{},"labels":{"deployment-tool":"cli-firebase"}}
[debug] [2021-07-30T17:46:00.004Z] Error: connect ETIMEDOUT 216.58.200.138:443
    at TCPConnectWrap.afterConnect [as oncomplete] (node:net:1142:16)
[error] 
[error] Error: Server Error. connect ETIMEDOUT 216.58.200.138:443
[debug] [2021-07-30T17:47:55.014Z] ----------------------------------------------------------------------
[debug] [2021-07-30T17:47:55.021Z] Command:       C:\Program Files\nodejs\node.exe C:\Users\Ajay\AppData\Roaming\npm\node_modules\firebase-tools\lib\bin\firebase.js deploy
[debug] [2021-07-30T17:47:55.022Z] CLI Version:   9.16.0
[debug] [2021-07-30T17:47:55.023Z] Platform:      win32
[debug] [2021-07-30T17:47:55.023Z] Node Version:  v16.6.0
[debug] [2021-07-30T17:47:55.028Z] Time:          Fri Jul 30 2021 23:17:55 GMT+0530 (India Standard Time)
[debug] [2021-07-30T17:47:55.028Z] ----------------------------------------------------------------------
[debug] 
[debug] [2021-07-30T17:47:55.274Z] > command requires scopes: ["email","openid","https://www.googleapis.com/auth/cloudplatformprojects.readonly","https://www.googleapis.com/auth/firebase","https://www.googleapis.com/auth/cloud-platform"]
[debug] [2021-07-30T17:47:55.275Z] > authorizing via signed-in user (ajarvnd07@gmail.com)
[debug] [2021-07-30T17:47:55.276Z] [iam] checking project ajay-3ccd9 for permissions ["firebase.projects.get","firebasehosting.sites.update"]
[debug] [2021-07-30T17:47:55.283Z] >>> HTTP REQUEST POST https://cloudresourcemanager.googleapis.com/v1/projects/ajay-3ccd9:testIamPermissions  
 {"permissions":["firebase.projects.get","firebasehosting.sites.update"]}
[debug] [2021-07-30T17:47:56.826Z] <<< HTTP RESPONSE 200 {"content-type":"application/json; charset=UTF-8","vary":"X-Origin, Referer, Origin,Accept-Encoding","date":"Fri, 30 Jul 2021 17:47:56 GMT","server":"ESF","cache-control":"private","x-xss-protection":"0","x-frame-options":"SAMEORIGIN","x-content-type-options":"nosniff","server-timing":"gfet4t7; dur=1177","alt-svc":"h3=\":443\"; ma=2592000,h3-29=\":443\"; ma=2592000,h3-T051=\":443\"; ma=2592000,h3-Q050=\":443\"; ma=2592000,h3-Q046=\":443\"; ma=2592000,h3-Q043=\":443\"; ma=2592000,quic=\":443\"; ma=2592000; v=\"46,43\"","accept-ranges":"none","transfer-encoding":"chunked"}
[debug] [2021-07-30T17:47:56.833Z] > refreshing access token with scopes: []
[debug] [2021-07-30T17:47:56.834Z] >>> HTTP REQUEST POST https://www.googleapis.com/oauth2/v3/token  
 <request body omitted>
[debug] [2021-07-30T17:47:57.224Z] <<< HTTP RESPONSE 200 {"expires":"Mon, 01 Jan 1990 00:00:00 GMT","pragma":"no-cache","cache-control":"no-cache, no-store, max-age=0, must-revalidate","date":"Fri, 30 Jul 2021 17:47:56 GMT","content-type":"application/json; charset=utf-8","vary":"X-Origin, Referer, Origin,Accept-Encoding","server":"scaffolding on HTTPServer2","x-xss-protection":"0","x-frame-options":"SAMEORIGIN","x-content-type-options":"nosniff","alt-svc":"h3=\":443\"; ma=2592000,h3-29=\":443\"; ma=2592000,h3-T051=\":443\"; ma=2592000,h3-Q050=\":443\"; ma=2592000,h3-Q046=\":443\"; ma=2592000,h3-Q043=\":443\"; ma=2592000,quic=\":443\"; ma=2592000; v=\"46,43\"","accept-ranges":"none","transfer-encoding":"chunked"}
[debug] [2021-07-30T17:47:57.347Z] >>> [apiv2][query] GET https://firebase.googleapis.com/v1beta1/projects/ajay-3ccd9 [none]
[debug] [2021-07-30T17:47:57.973Z] <<< [apiv2][status] GET https://firebase.googleapis.com/v1beta1/projects/ajay-3ccd9 200
[debug] [2021-07-30T17:47:57.974Z] <<< [apiv2][body] GET https://firebase.googleapis.com/v1beta1/projects/ajay-3ccd9 {"projectId":"ajay-3ccd9","projectNumber":"1092794521657","displayName":"Ajay","name":"projects/ajay-3ccd9","resources":{"hostingSite":"ajay-3ccd9"},"state":"ACTIVE"}
[info] 
[info] === Deploying to 'ajay-3ccd9'...
[info] 
[info] i  deploying hosting 
[debug] [2021-07-30T17:47:57.994Z] > refreshing access token with scopes: ["email","https://www.googleapis.com/auth/cloud-platform","https://www.googleapis.com/auth/cloudplatformprojects.readonly","https://www.googleapis.com/auth/firebase","openid"]
[debug] [2021-07-30T17:47:57.995Z] >>> HTTP REQUEST POST https://www.googleapis.com/oauth2/v3/token  
 <request body omitted>
[debug] [2021-07-30T17:47:58.354Z] <<< HTTP RESPONSE 200 {"pragma":"no-cache","cache-control":"no-cache, no-store, max-age=0, must-revalidate","date":"Fri, 30 Jul 2021 17:47:57 GMT","expires":"Mon, 01 Jan 1990 00:00:00 GMT","content-type":"application/json; charset=utf-8","vary":"X-Origin, Referer, Origin,Accept-Encoding","server":"scaffolding on HTTPServer2","x-xss-protection":"0","x-frame-options":"SAMEORIGIN","x-content-type-options":"nosniff","alt-svc":"h3=\":443\"; ma=2592000,h3-29=\":443\"; ma=2592000,h3-T051=\":443\"; ma=2592000,h3-Q050=\":443\"; ma=2592000,h3-Q046=\":443\"; ma=2592000,h3-Q043=\":443\"; ma=2592000,quic=\":443\"; ma=2592000; v=\"46,43\"","accept-ranges":"none","transfer-encoding":"chunked"}
[debug] [2021-07-30T17:47:58.490Z] >>> HTTP REQUEST POST https://firebasehosting.googleapis.com/v1beta1/sites/ajay-3ccd9/versions  
 {"config":{},"labels":{"deployment-tool":"cli-firebase"}}
[debug] [2021-07-30T17:48:20.105Z] Error: connect ETIMEDOUT 216.58.200.138:443
    at TCPConnectWrap.afterConnect [as oncomplete] (node:net:1142:16)
[error] 
[error] Error: Server Error. connect ETIMEDOUT 216.58.200.138:443
